737  [main] INFO  c.p.ShoppingmallCartWishlistBootApplication - Starting ShoppingmallCartWishlistBootApplication on DESKTOP-320BHRG with PID 8172 (C:\Users\notebiz1029\Documents\git\shoppingmall_cart_wishlist\shoppingmall_cart_wishlist_boot\target\classes started by notebiz1029 in C:\Users\notebiz1029\Documents\git\shoppingmall_cart_wishlist\shoppingmall_cart_wishlist_boot)
746  [main] DEBUG c.p.ShoppingmallCartWishlistBootApplication - Running with Spring Boot v2.2.5.RELEASE, Spring v5.2.4.RELEASE
747  [main] INFO  c.p.ShoppingmallCartWishlistBootApplication - No active profile set, falling back to default profiles: default
3449 [main] INFO  c.p.ShoppingmallCartWishlistBootApplication - Started ShoppingmallCartWishlistBootApplication in 3.142 seconds (JVM running for 4.354)
3452 [main] ERROR c.p.ShoppingmallCartWishlistBootApplication - hello
54403 [http-nio-9999-exec-1] DEBUG c.p.m.CartListMapper.findCartList - ==>  Preparing: SELECT * FROM CartList WHERE userId = ? 
54415 [http-nio-9999-exec-1] DEBUG c.p.m.CartListMapper.findCartList - ==> Parameters: user1(String)
54435 [http-nio-9999-exec-1] DEBUG c.p.m.CartListMapper.findCartList - <==      Total: 2
54443 [http-nio-9999-exec-1] DEBUG c.p.m.C.findCartOption - ==>  Preparing: SELECT * FROM CartOption WHERE cartCode = ? AND goodsCode = ? 
54443 [http-nio-9999-exec-1] DEBUG c.p.m.C.findCartOption - ==> Parameters: 11a5da76-7778-475d-86b6-ecf8a8f330c6(String), 1203973748(String)
54450 [http-nio-9999-exec-1] DEBUG c.p.m.C.findCartOption - <==      Total: 2
54451 [http-nio-9999-exec-1] DEBUG c.p.m.C.findCartOption - ==>  Preparing: SELECT * FROM CartOption WHERE cartCode = ? AND goodsCode = ? 
54451 [http-nio-9999-exec-1] DEBUG c.p.m.C.findCartOption - ==> Parameters: 28dca7a1-9124-40d5-9e7d-e670583257ba(String), 1203917701(String)
54457 [http-nio-9999-exec-1] DEBUG c.p.m.C.findCartOption - <==      Total: 2
91455 [http-nio-9999-exec-4] DEBUG c.p.m.CartListMapper.findCartList - ==>  Preparing: SELECT * FROM CartList WHERE userId = ? 
91455 [http-nio-9999-exec-4] DEBUG c.p.m.CartListMapper.findCartList - ==> Parameters: user1(String)
91464 [http-nio-9999-exec-4] DEBUG c.p.m.CartListMapper.findCartList - <==      Total: 2
91464 [http-nio-9999-exec-4] DEBUG c.p.m.C.findCartOption - ==>  Preparing: SELECT * FROM CartOption WHERE cartCode = ? AND goodsCode = ? 
91465 [http-nio-9999-exec-4] DEBUG c.p.m.C.findCartOption - ==> Parameters: 11a5da76-7778-475d-86b6-ecf8a8f330c6(String), 1203973748(String)
91472 [http-nio-9999-exec-4] DEBUG c.p.m.C.findCartOption - <==      Total: 2
91472 [http-nio-9999-exec-4] DEBUG c.p.m.C.findCartOption - ==>  Preparing: SELECT * FROM CartOption WHERE cartCode = ? AND goodsCode = ? 
91473 [http-nio-9999-exec-4] DEBUG c.p.m.C.findCartOption - ==> Parameters: 28dca7a1-9124-40d5-9e7d-e670583257ba(String), 1203917701(String)
91480 [http-nio-9999-exec-4] DEBUG c.p.m.C.findCartOption - <==      Total: 2
296817 [http-nio-9999-exec-6] DEBUG c.p.m.CartListMapper.findCartList - ==>  Preparing: SELECT * FROM CartList WHERE userId = ? 
296817 [http-nio-9999-exec-6] DEBUG c.p.m.CartListMapper.findCartList - ==> Parameters: user1(String)
296830 [http-nio-9999-exec-6] DEBUG c.p.m.CartListMapper.findCartList - <==      Total: 2
296833 [http-nio-9999-exec-6] DEBUG c.p.m.C.findCartOption - ==>  Preparing: SELECT * FROM CartOption WHERE cartCode = ? AND goodsCode = ? 
296834 [http-nio-9999-exec-6] DEBUG c.p.m.C.findCartOption - ==> Parameters: 11a5da76-7778-475d-86b6-ecf8a8f330c6(String), 1203973748(String)
296842 [http-nio-9999-exec-6] DEBUG c.p.m.C.findCartOption - <==      Total: 2
296842 [http-nio-9999-exec-6] DEBUG c.p.m.C.findCartOption - ==>  Preparing: SELECT * FROM CartOption WHERE cartCode = ? AND goodsCode = ? 
296842 [http-nio-9999-exec-6] DEBUG c.p.m.C.findCartOption - ==> Parameters: 28dca7a1-9124-40d5-9e7d-e670583257ba(String), 1203917701(String)
296851 [http-nio-9999-exec-6] DEBUG c.p.m.C.findCartOption - <==      Total: 2
463336 [http-nio-9999-exec-8] DEBUG c.p.m.CartListMapper.findCartList - ==>  Preparing: SELECT * FROM CartList WHERE userId = ? 
463337 [http-nio-9999-exec-8] DEBUG c.p.m.CartListMapper.findCartList - ==> Parameters: user1(String)
463345 [http-nio-9999-exec-8] DEBUG c.p.m.CartListMapper.findCartList - <==      Total: 2
463346 [http-nio-9999-exec-8] DEBUG c.p.m.C.findCartOption - ==>  Preparing: SELECT * FROM CartOption WHERE cartCode = ? AND goodsCode = ? 
463346 [http-nio-9999-exec-8] DEBUG c.p.m.C.findCartOption - ==> Parameters: 11a5da76-7778-475d-86b6-ecf8a8f330c6(String), 1203973748(String)
463354 [http-nio-9999-exec-8] DEBUG c.p.m.C.findCartOption - <==      Total: 2
463355 [http-nio-9999-exec-8] DEBUG c.p.m.C.findCartOption - ==>  Preparing: SELECT * FROM CartOption WHERE cartCode = ? AND goodsCode = ? 
463355 [http-nio-9999-exec-8] DEBUG c.p.m.C.findCartOption - ==> Parameters: 28dca7a1-9124-40d5-9e7d-e670583257ba(String), 1203917701(String)
463363 [http-nio-9999-exec-8] DEBUG c.p.m.C.findCartOption - <==      Total: 2
464709 [http-nio-9999-exec-9] DEBUG c.p.m.CartListMapper.findCartList - ==>  Preparing: SELECT * FROM CartList WHERE userId = ? 
464709 [http-nio-9999-exec-9] DEBUG c.p.m.CartListMapper.findCartList - ==> Parameters: user1(String)
464716 [http-nio-9999-exec-9] DEBUG c.p.m.CartListMapper.findCartList - <==      Total: 2
464716 [http-nio-9999-exec-9] DEBUG c.p.m.C.findCartOption - ==>  Preparing: SELECT * FROM CartOption WHERE cartCode = ? AND goodsCode = ? 
464717 [http-nio-9999-exec-9] DEBUG c.p.m.C.findCartOption - ==> Parameters: 11a5da76-7778-475d-86b6-ecf8a8f330c6(String), 1203973748(String)
464727 [http-nio-9999-exec-9] DEBUG c.p.m.C.findCartOption - <==      Total: 2
464728 [http-nio-9999-exec-9] DEBUG c.p.m.C.findCartOption - ==>  Preparing: SELECT * FROM CartOption WHERE cartCode = ? AND goodsCode = ? 
464728 [http-nio-9999-exec-9] DEBUG c.p.m.C.findCartOption - ==> Parameters: 28dca7a1-9124-40d5-9e7d-e670583257ba(String), 1203917701(String)
464736 [http-nio-9999-exec-9] DEBUG c.p.m.C.findCartOption - <==      Total: 2
1042137 [http-nio-9999-exec-1] DEBUG c.p.m.CartListMapper.findCartList - ==>  Preparing: SELECT * FROM CartList WHERE userId = ? 
1042140 [http-nio-9999-exec-1] DEBUG c.p.m.CartListMapper.findCartList - ==> Parameters: user1(String)
1042149 [http-nio-9999-exec-1] DEBUG c.p.m.CartListMapper.findCartList - <==      Total: 2
1042150 [http-nio-9999-exec-1] DEBUG c.p.m.C.findCartOption - ==>  Preparing: SELECT * FROM CartOption WHERE cartCode = ? AND goodsCode = ? 
1042150 [http-nio-9999-exec-1] DEBUG c.p.m.C.findCartOption - ==> Parameters: 11a5da76-7778-475d-86b6-ecf8a8f330c6(String), 1203973748(String)
1042157 [http-nio-9999-exec-1] DEBUG c.p.m.C.findCartOption - <==      Total: 2
1042158 [http-nio-9999-exec-1] DEBUG c.p.m.C.findCartOption - ==>  Preparing: SELECT * FROM CartOption WHERE cartCode = ? AND goodsCode = ? 
1042158 [http-nio-9999-exec-1] DEBUG c.p.m.C.findCartOption - ==> Parameters: 28dca7a1-9124-40d5-9e7d-e670583257ba(String), 1203917701(String)
1042164 [http-nio-9999-exec-1] DEBUG c.p.m.C.findCartOption - <==      Total: 2
1077605 [http-nio-9999-exec-2] DEBUG c.p.m.CartListMapper.findCartList - ==>  Preparing: SELECT * FROM CartList WHERE userId = ? 
1077606 [http-nio-9999-exec-2] DEBUG c.p.m.CartListMapper.findCartList - ==> Parameters: user1(String)
1077614 [http-nio-9999-exec-2] DEBUG c.p.m.CartListMapper.findCartList - <==      Total: 2
1077614 [http-nio-9999-exec-2] DEBUG c.p.m.C.findCartOption - ==>  Preparing: SELECT * FROM CartOption WHERE cartCode = ? AND goodsCode = ? 
1077615 [http-nio-9999-exec-2] DEBUG c.p.m.C.findCartOption - ==> Parameters: 11a5da76-7778-475d-86b6-ecf8a8f330c6(String), 1203973748(String)
1077624 [http-nio-9999-exec-2] DEBUG c.p.m.C.findCartOption - <==      Total: 2
1077624 [http-nio-9999-exec-2] DEBUG c.p.m.C.findCartOption - ==>  Preparing: SELECT * FROM CartOption WHERE cartCode = ? AND goodsCode = ? 
1077625 [http-nio-9999-exec-2] DEBUG c.p.m.C.findCartOption - ==> Parameters: 28dca7a1-9124-40d5-9e7d-e670583257ba(String), 1203917701(String)
1077631 [http-nio-9999-exec-2] DEBUG c.p.m.C.findCartOption - <==      Total: 2
1110496 [http-nio-9999-exec-3] DEBUG c.p.m.CartListMapper.findCartList - ==>  Preparing: SELECT * FROM CartList WHERE userId = ? 
1110497 [http-nio-9999-exec-3] DEBUG c.p.m.CartListMapper.findCartList - ==> Parameters: user1(String)
1110508 [http-nio-9999-exec-3] DEBUG c.p.m.CartListMapper.findCartList - <==      Total: 2
1110509 [http-nio-9999-exec-3] DEBUG c.p.m.C.findCartOption - ==>  Preparing: SELECT * FROM CartOption WHERE cartCode = ? AND goodsCode = ? 
1110509 [http-nio-9999-exec-3] DEBUG c.p.m.C.findCartOption - ==> Parameters: 11a5da76-7778-475d-86b6-ecf8a8f330c6(String), 1203973748(String)
1110517 [http-nio-9999-exec-3] DEBUG c.p.m.C.findCartOption - <==      Total: 2
1110517 [http-nio-9999-exec-3] DEBUG c.p.m.C.findCartOption - ==>  Preparing: SELECT * FROM CartOption WHERE cartCode = ? AND goodsCode = ? 
1110518 [http-nio-9999-exec-3] DEBUG c.p.m.C.findCartOption - ==> Parameters: 28dca7a1-9124-40d5-9e7d-e670583257ba(String), 1203917701(String)
1110525 [http-nio-9999-exec-3] DEBUG c.p.m.C.findCartOption - <==      Total: 2
1320779 [http-nio-9999-exec-5] DEBUG c.p.m.CartListMapper.findCartList - ==>  Preparing: SELECT * FROM CartList WHERE userId = ? 
1320779 [http-nio-9999-exec-5] DEBUG c.p.m.CartListMapper.findCartList - ==> Parameters: user1(String)
1320787 [http-nio-9999-exec-5] DEBUG c.p.m.CartListMapper.findCartList - <==      Total: 2
1320787 [http-nio-9999-exec-5] DEBUG c.p.m.C.findCartOption - ==>  Preparing: SELECT * FROM CartOption WHERE cartCode = ? AND goodsCode = ? 
1320787 [http-nio-9999-exec-5] DEBUG c.p.m.C.findCartOption - ==> Parameters: 11a5da76-7778-475d-86b6-ecf8a8f330c6(String), 1203973748(String)
1320796 [http-nio-9999-exec-5] DEBUG c.p.m.C.findCartOption - <==      Total: 2
1320797 [http-nio-9999-exec-5] DEBUG c.p.m.C.findCartOption - ==>  Preparing: SELECT * FROM CartOption WHERE cartCode = ? AND goodsCode = ? 
1320798 [http-nio-9999-exec-5] DEBUG c.p.m.C.findCartOption - ==> Parameters: 28dca7a1-9124-40d5-9e7d-e670583257ba(String), 1203917701(String)
1320805 [http-nio-9999-exec-5] DEBUG c.p.m.C.findCartOption - <==      Total: 2
1396911 [http-nio-9999-exec-7] DEBUG c.p.m.CartListMapper.findCartList - ==>  Preparing: SELECT * FROM CartList WHERE userId = ? 
1396911 [http-nio-9999-exec-7] DEBUG c.p.m.CartListMapper.findCartList - ==> Parameters: user1(String)
1396919 [http-nio-9999-exec-7] DEBUG c.p.m.CartListMapper.findCartList - <==      Total: 2
1396919 [http-nio-9999-exec-7] DEBUG c.p.m.C.findCartOption - ==>  Preparing: SELECT * FROM CartOption WHERE cartCode = ? AND goodsCode = ? 
1396920 [http-nio-9999-exec-7] DEBUG c.p.m.C.findCartOption - ==> Parameters: 11a5da76-7778-475d-86b6-ecf8a8f330c6(String), 1203973748(String)
1396926 [http-nio-9999-exec-7] DEBUG c.p.m.C.findCartOption - <==      Total: 2
1396927 [http-nio-9999-exec-7] DEBUG c.p.m.C.findCartOption - ==>  Preparing: SELECT * FROM CartOption WHERE cartCode = ? AND goodsCode = ? 
1396927 [http-nio-9999-exec-7] DEBUG c.p.m.C.findCartOption - ==> Parameters: 28dca7a1-9124-40d5-9e7d-e670583257ba(String), 1203917701(String)
1396937 [http-nio-9999-exec-7] DEBUG c.p.m.C.findCartOption - <==      Total: 2
1411311 [http-nio-9999-exec-8] DEBUG c.p.m.CartListMapper.findCartList - ==>  Preparing: SELECT * FROM CartList WHERE userId = ? 
1411312 [http-nio-9999-exec-8] DEBUG c.p.m.CartListMapper.findCartList - ==> Parameters: user1(String)
1411320 [http-nio-9999-exec-8] DEBUG c.p.m.CartListMapper.findCartList - <==      Total: 2
1411320 [http-nio-9999-exec-8] DEBUG c.p.m.C.findCartOption - ==>  Preparing: SELECT * FROM CartOption WHERE cartCode = ? AND goodsCode = ? 
1411321 [http-nio-9999-exec-8] DEBUG c.p.m.C.findCartOption - ==> Parameters: 11a5da76-7778-475d-86b6-ecf8a8f330c6(String), 1203973748(String)
1411328 [http-nio-9999-exec-8] DEBUG c.p.m.C.findCartOption - <==      Total: 2
1411328 [http-nio-9999-exec-8] DEBUG c.p.m.C.findCartOption - ==>  Preparing: SELECT * FROM CartOption WHERE cartCode = ? AND goodsCode = ? 
1411328 [http-nio-9999-exec-8] DEBUG c.p.m.C.findCartOption - ==> Parameters: 28dca7a1-9124-40d5-9e7d-e670583257ba(String), 1203917701(String)
1411336 [http-nio-9999-exec-8] DEBUG c.p.m.C.findCartOption - <==      Total: 2
1844823 [http-nio-9999-exec-10] DEBUG c.p.m.CartListMapper.findCartList - ==>  Preparing: SELECT * FROM CartList WHERE userId = ? 
1844823 [http-nio-9999-exec-10] DEBUG c.p.m.CartListMapper.findCartList - ==> Parameters: user1(String)
1844831 [http-nio-9999-exec-10] DEBUG c.p.m.CartListMapper.findCartList - <==      Total: 2
1844832 [http-nio-9999-exec-10] DEBUG c.p.m.C.findCartOption - ==>  Preparing: SELECT * FROM CartOption WHERE cartCode = ? AND goodsCode = ? 
1844832 [http-nio-9999-exec-10] DEBUG c.p.m.C.findCartOption - ==> Parameters: 11a5da76-7778-475d-86b6-ecf8a8f330c6(String), 1203973748(String)
1844837 [http-nio-9999-exec-10] DEBUG c.p.m.C.findCartOption - <==      Total: 2
1844838 [http-nio-9999-exec-10] DEBUG c.p.m.C.findCartOption - ==>  Preparing: SELECT * FROM CartOption WHERE cartCode = ? AND goodsCode = ? 
1844838 [http-nio-9999-exec-10] DEBUG c.p.m.C.findCartOption - ==> Parameters: 28dca7a1-9124-40d5-9e7d-e670583257ba(String), 1203917701(String)
1844845 [http-nio-9999-exec-10] DEBUG c.p.m.C.findCartOption - <==      Total: 2
1846293 [http-nio-9999-exec-1] DEBUG c.p.m.CartListMapper.findCartList - ==>  Preparing: SELECT * FROM CartList WHERE userId = ? 
1846295 [http-nio-9999-exec-1] DEBUG c.p.m.CartListMapper.findCartList - ==> Parameters: user1(String)
1846303 [http-nio-9999-exec-1] DEBUG c.p.m.CartListMapper.findCartList - <==      Total: 2
1846304 [http-nio-9999-exec-1] DEBUG c.p.m.C.findCartOption - ==>  Preparing: SELECT * FROM CartOption WHERE cartCode = ? AND goodsCode = ? 
1846305 [http-nio-9999-exec-1] DEBUG c.p.m.C.findCartOption - ==> Parameters: 11a5da76-7778-475d-86b6-ecf8a8f330c6(String), 1203973748(String)
1846311 [http-nio-9999-exec-1] DEBUG c.p.m.C.findCartOption - <==      Total: 2
1846312 [http-nio-9999-exec-1] DEBUG c.p.m.C.findCartOption - ==>  Preparing: SELECT * FROM CartOption WHERE cartCode = ? AND goodsCode = ? 
1846312 [http-nio-9999-exec-1] DEBUG c.p.m.C.findCartOption - ==> Parameters: 28dca7a1-9124-40d5-9e7d-e670583257ba(String), 1203917701(String)
1846319 [http-nio-9999-exec-1] DEBUG c.p.m.C.findCartOption - <==      Total: 2
2341636 [http-nio-9999-exec-3] DEBUG c.p.m.CartListMapper.findCartList - ==>  Preparing: SELECT * FROM CartList WHERE userId = ? 
2341637 [http-nio-9999-exec-3] DEBUG c.p.m.CartListMapper.findCartList - ==> Parameters: user1(String)
2341647 [http-nio-9999-exec-3] DEBUG c.p.m.CartListMapper.findCartList - <==      Total: 2
2341648 [http-nio-9999-exec-3] DEBUG c.p.m.C.findCartOption - ==>  Preparing: SELECT * FROM CartOption WHERE cartCode = ? AND goodsCode = ? 
2341648 [http-nio-9999-exec-3] DEBUG c.p.m.C.findCartOption - ==> Parameters: 11a5da76-7778-475d-86b6-ecf8a8f330c6(String), 1203973748(String)
2341656 [http-nio-9999-exec-3] DEBUG c.p.m.C.findCartOption - <==      Total: 2
2341657 [http-nio-9999-exec-3] DEBUG c.p.m.C.findCartOption - ==>  Preparing: SELECT * FROM CartOption WHERE cartCode = ? AND goodsCode = ? 
2341657 [http-nio-9999-exec-3] DEBUG c.p.m.C.findCartOption - ==> Parameters: 28dca7a1-9124-40d5-9e7d-e670583257ba(String), 1203917701(String)
2341665 [http-nio-9999-exec-3] DEBUG c.p.m.C.findCartOption - <==      Total: 2
