1147 [main] INFO  c.p.ShoppingmallCartWishlistBootApplication - Starting ShoppingmallCartWishlistBootApplication on DESKTOP-320BHRG with PID 13148 (C:\Users\notebiz1029\Documents\git\shoppingmall_cart_wishlist\shoppingmall_cart_wishlist_boot\target\classes started by notebiz1029 in C:\Users\notebiz1029\Documents\git\shoppingmall_cart_wishlist)
1152 [main] DEBUG c.p.ShoppingmallCartWishlistBootApplication - Running with Spring Boot v2.2.5.RELEASE, Spring v5.2.4.RELEASE
1153 [main] INFO  c.p.ShoppingmallCartWishlistBootApplication - No active profile set, falling back to default profiles: default
2870 [main] INFO  c.p.ShoppingmallCartWishlistBootApplication - Started ShoppingmallCartWishlistBootApplication in 2.364 seconds (JVM running for 4.378)
1180 [main] INFO  c.p.ShoppingmallCartWishlistBootApplication - Starting ShoppingmallCartWishlistBootApplication on DESKTOP-320BHRG with PID 2620 (C:\Users\notebiz1029\Documents\git\shoppingmall_cart_wishlist\shoppingmall_cart_wishlist_boot\target\classes started by notebiz1029 in C:\Users\notebiz1029\Documents\git\shoppingmall_cart_wishlist)
1183 [main] DEBUG c.p.ShoppingmallCartWishlistBootApplication - Running with Spring Boot v2.2.5.RELEASE, Spring v5.2.4.RELEASE
1184 [main] INFO  c.p.ShoppingmallCartWishlistBootApplication - No active profile set, falling back to default profiles: default
2966 [main] INFO  c.p.ShoppingmallCartWishlistBootApplication - Started ShoppingmallCartWishlistBootApplication in 2.473 seconds (JVM running for 3.977)
2968 [main] ERROR c.p.ShoppingmallCartWishlistBootApplication - hello
1195 [main] INFO  c.p.ShoppingmallCartWishlistBootApplication - Starting ShoppingmallCartWishlistBootApplication on DESKTOP-320BHRG with PID 6604 (C:\Users\notebiz1029\Documents\git\shoppingmall_cart_wishlist\shoppingmall_cart_wishlist_boot\target\classes started by notebiz1029 in C:\Users\notebiz1029\Documents\git\shoppingmall_cart_wishlist)
1199 [main] DEBUG c.p.ShoppingmallCartWishlistBootApplication - Running with Spring Boot v2.2.5.RELEASE, Spring v5.2.4.RELEASE
1200 [main] INFO  c.p.ShoppingmallCartWishlistBootApplication - No active profile set, falling back to default profiles: default
2544 [main] ERROR o.s.b.d.LoggingFailureAnalysisReporter - 

***************************
APPLICATION FAILED TO START
***************************

Description:

Web server failed to start. Port 8080 was already in use.

Action:

Identify and stop the process that's listening on port 8080 or configure this application to listen on another port.

998  [main] INFO  c.p.ShoppingmallCartWishlistBootApplication - Starting ShoppingmallCartWishlistBootApplication on DESKTOP-320BHRG with PID 4656 (C:\Users\notebiz1029\Documents\git\shoppingmall_cart_wishlist\shoppingmall_cart_wishlist_boot\target\classes started by notebiz1029 in C:\Users\notebiz1029\Documents\git\shoppingmall_cart_wishlist)
1002 [main] DEBUG c.p.ShoppingmallCartWishlistBootApplication - Running with Spring Boot v2.2.5.RELEASE, Spring v5.2.4.RELEASE
1002 [main] INFO  c.p.ShoppingmallCartWishlistBootApplication - No active profile set, falling back to default profiles: default
2674 [main] INFO  c.p.ShoppingmallCartWishlistBootApplication - Started ShoppingmallCartWishlistBootApplication in 2.24 seconds (JVM running for 3.653)
2675 [main] ERROR c.p.ShoppingmallCartWishlistBootApplication - hello
1098 [main] INFO  c.p.ShoppingmallCartWishlistBootApplication - Starting ShoppingmallCartWishlistBootApplication on DESKTOP-320BHRG with PID 4772 (C:\Users\notebiz1029\Documents\git\shoppingmall_cart_wishlist\shoppingmall_cart_wishlist_boot\target\classes started by notebiz1029 in C:\Users\notebiz1029\Documents\git\shoppingmall_cart_wishlist)
1101 [main] DEBUG c.p.ShoppingmallCartWishlistBootApplication - Running with Spring Boot v2.2.5.RELEASE, Spring v5.2.4.RELEASE
1102 [main] INFO  c.p.ShoppingmallCartWishlistBootApplication - No active profile set, falling back to default profiles: default
3100 [main] INFO  c.p.ShoppingmallCartWishlistBootApplication - Started ShoppingmallCartWishlistBootApplication in 2.618 seconds (JVM running for 4.265)
3102 [main] ERROR c.p.ShoppingmallCartWishlistBootApplication - hello
1372 [main] INFO  c.p.ShoppingmallCartWishlistBootApplication - Starting ShoppingmallCartWishlistBootApplication on DESKTOP-320BHRG with PID 10748 (C:\Users\notebiz1029\Documents\git\shoppingmall_cart_wishlist\shoppingmall_cart_wishlist_boot\target\classes started by notebiz1029 in C:\Users\notebiz1029\Documents\git\shoppingmall_cart_wishlist)
1375 [main] DEBUG c.p.ShoppingmallCartWishlistBootApplication - Running with Spring Boot v2.2.5.RELEASE, Spring v5.2.4.RELEASE
1375 [main] INFO  c.p.ShoppingmallCartWishlistBootApplication - No active profile set, falling back to default profiles: default
4215 [main] INFO  c.p.ShoppingmallCartWishlistBootApplication - Started ShoppingmallCartWishlistBootApplication in 3.589 seconds (JVM running for 5.587)
4218 [main] ERROR c.p.ShoppingmallCartWishlistBootApplication - hello
1125 [main] INFO  c.p.ShoppingmallCartWishlistBootApplication - Starting ShoppingmallCartWishlistBootApplication on DESKTOP-320BHRG with PID 7208 (C:\Users\notebiz1029\Documents\git\shoppingmall_cart_wishlist\shoppingmall_cart_wishlist_boot\target\classes started by notebiz1029 in C:\Users\notebiz1029\Documents\git\shoppingmall_cart_wishlist)
1131 [main] DEBUG c.p.ShoppingmallCartWishlistBootApplication - Running with Spring Boot v2.2.5.RELEASE, Spring v5.2.4.RELEASE
1132 [main] INFO  c.p.ShoppingmallCartWishlistBootApplication - No active profile set, falling back to default profiles: default
3252 [main] INFO  c.p.ShoppingmallCartWishlistBootApplication - Started ShoppingmallCartWishlistBootApplication in 2.786 seconds (JVM running for 4.398)
3253 [main] ERROR c.p.ShoppingmallCartWishlistBootApplication - hello
1132 [main] INFO  c.p.ShoppingmallCartWishlistBootApplication - Starting ShoppingmallCartWishlistBootApplication on DESKTOP-320BHRG with PID 12972 (C:\Users\notebiz1029\Documents\git\shoppingmall_cart_wishlist\shoppingmall_cart_wishlist_boot\target\classes started by notebiz1029 in C:\Users\notebiz1029\Documents\git\shoppingmall_cart_wishlist)
1135 [main] DEBUG c.p.ShoppingmallCartWishlistBootApplication - Running with Spring Boot v2.2.5.RELEASE, Spring v5.2.4.RELEASE
1136 [main] INFO  c.p.ShoppingmallCartWishlistBootApplication - No active profile set, falling back to default profiles: default
2997 [main] ERROR com.plateer.config.DB - MariaDB Connector/J
3421 [main] INFO  c.p.ShoppingmallCartWishlistBootApplication - Started ShoppingmallCartWishlistBootApplication in 2.932 seconds (JVM running for 4.586)
3422 [main] ERROR c.p.ShoppingmallCartWishlistBootApplication - hello
1172 [main] INFO  c.p.ShoppingmallCartWishlistBootApplication - Starting ShoppingmallCartWishlistBootApplication on DESKTOP-320BHRG with PID 9376 (C:\Users\notebiz1029\Documents\git\shoppingmall_cart_wishlist\shoppingmall_cart_wishlist_boot\target\classes started by notebiz1029 in C:\Users\notebiz1029\Documents\git\shoppingmall_cart_wishlist)
1176 [main] DEBUG c.p.ShoppingmallCartWishlistBootApplication - Running with Spring Boot v2.2.5.RELEASE, Spring v5.2.4.RELEASE
1177 [main] INFO  c.p.ShoppingmallCartWishlistBootApplication - No active profile set, falling back to default profiles: default
3189 [main] ERROR com.plateer.config.DB - MariaDB Connector/J
3621 [main] INFO  c.p.ShoppingmallCartWishlistBootApplication - Started ShoppingmallCartWishlistBootApplication in 3.1 seconds (JVM running for 4.801)
3623 [main] ERROR c.p.ShoppingmallCartWishlistBootApplication - hello
